/home/asserhanafy/linux-tasks/ros1_ws/install/my_py_pkg/lib/python3.12/site-packages/my_py_pkg/server.py
/home/asserhanafy/linux-tasks/ros1_ws/install/my_py_pkg/lib/python3.12/site-packages/my_py_pkg/my_first_node.py
/home/asserhanafy/linux-tasks/ros1_ws/install/my_py_pkg/lib/python3.12/site-packages/my_py_pkg/game.py
/home/asserhanafy/linux-tasks/ros1_ws/install/my_py_pkg/lib/python3.12/site-packages/my_py_pkg/main.py
/home/asserhanafy/linux-tasks/ros1_ws/install/my_py_pkg/lib/python3.12/site-packages/my_py_pkg/__init__.py
/home/asserhanafy/linux-tasks/ros1_ws/install/my_py_pkg/lib/python3.12/site-packages/my_py_pkg/pose_subscriber.py
/home/asserhanafy/linux-tasks/ros1_ws/install/my_py_pkg/lib/python3.12/site-packages/my_py_pkg/draw_circle.py
/home/asserhanafy/linux-tasks/ros1_ws/install/my_py_pkg/lib/python3.12/site-packages/my_py_pkg/turtle_controller.py
/home/asserhanafy/linux-tasks/ros1_ws/install/my_py_pkg/lib/python3.12/site-packages/my_py_pkg/ultrasonic_subscriber.py
/home/asserhanafy/linux-tasks/ros1_ws/install/my_py_pkg/lib/python3.12/site-packages/my_py_pkg/turtle_catch.py
/home/asserhanafy/linux-tasks/ros1_ws/install/my_py_pkg/lib/python3.12/site-packages/my_py_pkg/ultrasonic_publisher.py
/home/asserhanafy/linux-tasks/ros1_ws/install/my_py_pkg/lib/python3.12/site-packages/my_py_pkg/client.py
/home/asserhanafy/linux-tasks/ros1_ws/install/my_py_pkg/lib/python3.12/site-packages/my_py_pkg/__pycache__/server.cpython-312.pyc
/home/asserhanafy/linux-tasks/ros1_ws/install/my_py_pkg/lib/python3.12/site-packages/my_py_pkg/__pycache__/my_first_node.cpython-312.pyc
/home/asserhanafy/linux-tasks/ros1_ws/install/my_py_pkg/lib/python3.12/site-packages/my_py_pkg/__pycache__/game.cpython-312.pyc
/home/asserhanafy/linux-tasks/ros1_ws/install/my_py_pkg/lib/python3.12/site-packages/my_py_pkg/__pycache__/main.cpython-312.pyc
/home/asserhanafy/linux-tasks/ros1_ws/install/my_py_pkg/lib/python3.12/site-packages/my_py_pkg/__pycache__/__init__.cpython-312.pyc
/home/asserhanafy/linux-tasks/ros1_ws/install/my_py_pkg/lib/python3.12/site-packages/my_py_pkg/__pycache__/pose_subscriber.cpython-312.pyc
/home/asserhanafy/linux-tasks/ros1_ws/install/my_py_pkg/lib/python3.12/site-packages/my_py_pkg/__pycache__/draw_circle.cpython-312.pyc
/home/asserhanafy/linux-tasks/ros1_ws/install/my_py_pkg/lib/python3.12/site-packages/my_py_pkg/__pycache__/turtle_controller.cpython-312.pyc
/home/asserhanafy/linux-tasks/ros1_ws/install/my_py_pkg/lib/python3.12/site-packages/my_py_pkg/__pycache__/ultrasonic_subscriber.cpython-312.pyc
/home/asserhanafy/linux-tasks/ros1_ws/install/my_py_pkg/lib/python3.12/site-packages/my_py_pkg/__pycache__/turtle_catch.cpython-312.pyc
/home/asserhanafy/linux-tasks/ros1_ws/install/my_py_pkg/lib/python3.12/site-packages/my_py_pkg/__pycache__/ultrasonic_publisher.cpython-312.pyc
/home/asserhanafy/linux-tasks/ros1_ws/install/my_py_pkg/lib/python3.12/site-packages/my_py_pkg/__pycache__/client.cpython-312.pyc
/home/asserhanafy/linux-tasks/ros1_ws/install/my_py_pkg/share/ament_index/resource_index/packages/my_py_pkg
/home/asserhanafy/linux-tasks/ros1_ws/install/my_py_pkg/share/my_py_pkg/package.xml
/home/asserhanafy/linux-tasks/ros1_ws/install/my_py_pkg/lib/python3.12/site-packages/my_py_pkg-0.0.0-py3.12.egg-info/dependency_links.txt
/home/asserhanafy/linux-tasks/ros1_ws/install/my_py_pkg/lib/python3.12/site-packages/my_py_pkg-0.0.0-py3.12.egg-info/SOURCES.txt
/home/asserhanafy/linux-tasks/ros1_ws/install/my_py_pkg/lib/python3.12/site-packages/my_py_pkg-0.0.0-py3.12.egg-info/PKG-INFO
/home/asserhanafy/linux-tasks/ros1_ws/install/my_py_pkg/lib/python3.12/site-packages/my_py_pkg-0.0.0-py3.12.egg-info/entry_points.txt
/home/asserhanafy/linux-tasks/ros1_ws/install/my_py_pkg/lib/python3.12/site-packages/my_py_pkg-0.0.0-py3.12.egg-info/zip-safe
/home/asserhanafy/linux-tasks/ros1_ws/install/my_py_pkg/lib/python3.12/site-packages/my_py_pkg-0.0.0-py3.12.egg-info/top_level.txt
/home/asserhanafy/linux-tasks/ros1_ws/install/my_py_pkg/lib/python3.12/site-packages/my_py_pkg-0.0.0-py3.12.egg-info/requires.txt
/home/asserhanafy/linux-tasks/ros1_ws/install/my_py_pkg/lib/my_py_pkg/RPS
/home/asserhanafy/linux-tasks/ros1_ws/install/my_py_pkg/lib/my_py_pkg/client
/home/asserhanafy/linux-tasks/ros1_ws/install/my_py_pkg/lib/my_py_pkg/draw_circle
/home/asserhanafy/linux-tasks/ros1_ws/install/my_py_pkg/lib/my_py_pkg/pose_subscriber
/home/asserhanafy/linux-tasks/ros1_ws/install/my_py_pkg/lib/my_py_pkg/server
/home/asserhanafy/linux-tasks/ros1_ws/install/my_py_pkg/lib/my_py_pkg/test_node
/home/asserhanafy/linux-tasks/ros1_ws/install/my_py_pkg/lib/my_py_pkg/turtle_catch
/home/asserhanafy/linux-tasks/ros1_ws/install/my_py_pkg/lib/my_py_pkg/turtle_controller
/home/asserhanafy/linux-tasks/ros1_ws/install/my_py_pkg/lib/my_py_pkg/ultrasonic_publisher
/home/asserhanafy/linux-tasks/ros1_ws/install/my_py_pkg/lib/my_py_pkg/ultrasonic_subscriber
