[1.253s] Invoking command in '/home/asserhanafy/ros1_ws/build/my_py_pkg': DEBUGINFOD_URLS=https://debuginfod.ubuntu.com PYTHONPATH=/home/asserhanafy/ros1_ws/build/my_py_pkg/prefix_override:/usr/lib/python3/dist-packages/colcon_core/task/python/colcon_distutils_commands:/home/asserhanafy/ros1_ws/install/my_py_pkg/lib/python3.12/site-packages:${PYTHONPATH} /usr/bin/python3 -W ignore:setup.py install is deprecated setup.py develop --editable --build-directory /home/asserhanafy/ros1_ws/build/my_py_pkg/build --no-deps symlink_data
[1.667s] running develop
[1.676s] /usr/lib/python3/dist-packages/setuptools/command/develop.py:40: EasyInstallDeprecationWarning: easy_install command is deprecated.
[1.676s] !!
[1.676s] 
[1.676s]         ********************************************************************************
[1.676s]         Please avoid running ``setup.py`` and ``easy_install``.
[1.677s]         Instead, use pypa/build, pypa/installer or other
[1.677s]         standards-based tools.
[1.677s] 
[1.677s]         See https://github.com/pypa/setuptools/issues/917 for details.
[1.677s]         ********************************************************************************
[1.677s] 
[1.677s] !!
[1.677s]   easy_install.initialize_options(self)
[1.951s] running egg_info
[1.976s] writing my_py_pkg.egg-info/PKG-INFO
[1.976s] writing dependency_links to my_py_pkg.egg-info/dependency_links.txt
[1.976s] writing entry points to my_py_pkg.egg-info/entry_points.txt
[1.977s] writing requirements to my_py_pkg.egg-info/requires.txt
[1.977s] writing top-level names to my_py_pkg.egg-info/top_level.txt
[2.033s] reading manifest file 'my_py_pkg.egg-info/SOURCES.txt'
[2.034s] writing manifest file 'my_py_pkg.egg-info/SOURCES.txt'
[2.064s] running build_ext
[2.064s] Creating /home/asserhanafy/ros1_ws/install/my_py_pkg/lib/python3.12/site-packages/my-py-pkg.egg-link (link to .)
[2.065s] Installing draw_circle script to /home/asserhanafy/ros1_ws/install/my_py_pkg/lib/my_py_pkg
[2.065s] Installing pytest script to /home/asserhanafy/ros1_ws/install/my_py_pkg/lib/my_py_pkg
[2.065s] 
[2.065s] Installed /home/asserhanafy/ros1_ws/build/my_py_pkg
[2.065s] running symlink_data
[2.105s] Invoked command in '/home/asserhanafy/ros1_ws/build/my_py_pkg' returned '0': DEBUGINFOD_URLS=https://debuginfod.ubuntu.com PYTHONPATH=/home/asserhanafy/ros1_ws/build/my_py_pkg/prefix_override:/usr/lib/python3/dist-packages/colcon_core/task/python/colcon_distutils_commands:/home/asserhanafy/ros1_ws/install/my_py_pkg/lib/python3.12/site-packages:${PYTHONPATH} /usr/bin/python3 -W ignore:setup.py install is deprecated setup.py develop --editable --build-directory /home/asserhanafy/ros1_ws/build/my_py_pkg/build --no-deps symlink_data
