[0.634s] Invoking command in '/home/asserhanafy/ros1_ws/build/my_py_pkg': DEBUGINFOD_URLS=https://debuginfod.ubuntu.com PYTHONPATH=/home/asserhanafy/ros1_ws/build/my_py_pkg/prefix_override:/usr/lib/python3/dist-packages/colcon_core/task/python/colcon_distutils_commands:/home/asserhanafy/ros1_ws/install/my_py_pkg/lib/python3.12/site-packages:${PYTHONPATH} /usr/bin/python3 -W ignore:setup.py install is deprecated setup.py develop --editable --build-directory /home/asserhanafy/ros1_ws/build/my_py_pkg/build --no-deps symlink_data
[0.886s] running develop
[0.886s] /usr/lib/python3/dist-packages/setuptools/command/develop.py:40: EasyInstallDeprecationWarning: easy_install command is deprecated.
[0.886s] !!
[0.886s] 
[0.886s]         ********************************************************************************
[0.886s]         Please avoid running ``setup.py`` and ``easy_install``.
[0.886s]         Instead, use pypa/build, pypa/installer or other
[0.886s]         standards-based tools.
[0.886s] 
[0.887s]         See https://github.com/pypa/setuptools/issues/917 for details.
[0.887s]         ********************************************************************************
[0.887s] 
[0.887s] !!
[0.887s]   easy_install.initialize_options(self)
[1.055s] running egg_info
[1.071s] writing my_py_pkg.egg-info/PKG-INFO
[1.071s] writing dependency_links to my_py_pkg.egg-info/dependency_links.txt
[1.071s] writing entry points to my_py_pkg.egg-info/entry_points.txt
[1.071s] writing requirements to my_py_pkg.egg-info/requires.txt
[1.072s] writing top-level names to my_py_pkg.egg-info/top_level.txt
[1.105s] reading manifest file 'my_py_pkg.egg-info/SOURCES.txt'
[1.105s] writing manifest file 'my_py_pkg.egg-info/SOURCES.txt'
[1.123s] running build_ext
[1.123s] Creating /home/asserhanafy/ros1_ws/install/my_py_pkg/lib/python3.12/site-packages/my-py-pkg.egg-link (link to .)
[1.123s] Installing draw_circle script to /home/asserhanafy/ros1_ws/install/my_py_pkg/lib/my_py_pkg
[1.123s] Installing pose_subscriber script to /home/asserhanafy/ros1_ws/install/my_py_pkg/lib/my_py_pkg
[1.124s] Installing pytest script to /home/asserhanafy/ros1_ws/install/my_py_pkg/lib/my_py_pkg
[1.124s] 
[1.124s] Installed /home/asserhanafy/ros1_ws/build/my_py_pkg
[1.124s] running symlink_data
[1.144s] Invoked command in '/home/asserhanafy/ros1_ws/build/my_py_pkg' returned '0': DEBUGINFOD_URLS=https://debuginfod.ubuntu.com PYTHONPATH=/home/asserhanafy/ros1_ws/build/my_py_pkg/prefix_override:/usr/lib/python3/dist-packages/colcon_core/task/python/colcon_distutils_commands:/home/asserhanafy/ros1_ws/install/my_py_pkg/lib/python3.12/site-packages:${PYTHONPATH} /usr/bin/python3 -W ignore:setup.py install is deprecated setup.py develop --editable --build-directory /home/asserhanafy/ros1_ws/build/my_py_pkg/build --no-deps symlink_data
