[0.706s] Invoking command in '/home/asserhanafy/ros1_ws/build/my_py_pkg': DEBUGINFOD_URLS=https://debuginfod.ubuntu.com PYTHONPATH=/home/asserhanafy/ros1_ws/build/my_py_pkg/prefix_override:/usr/lib/python3/dist-packages/colcon_core/task/python/colcon_distutils_commands:/home/asserhanafy/ros1_ws/install/my_py_pkg/lib/python3.12/site-packages:${PYTHONPATH} /usr/bin/python3 -W ignore:setup.py install is deprecated setup.py develop --editable --build-directory /home/asserhanafy/ros1_ws/build/my_py_pkg/build --no-deps symlink_data --force
[0.970s] running develop
[0.979s] /usr/lib/python3/dist-packages/setuptools/command/develop.py:40: EasyInstallDeprecationWarning: easy_install command is deprecated.
[0.979s] !!
[0.979s] 
[0.979s]         ********************************************************************************
[0.979s]         Please avoid running ``setup.py`` and ``easy_install``.
[0.979s]         Instead, use pypa/build, pypa/installer or other
[0.979s]         standards-based tools.
[0.979s] 
[0.979s]         See https://github.com/pypa/setuptools/issues/917 for details.
[0.979s]         ********************************************************************************
[0.979s] 
[0.979s] !!
[0.979s]   easy_install.initialize_options(self)
[1.140s] running egg_info
[1.155s] writing my_py_pkg.egg-info/PKG-INFO
[1.164s] writing dependency_links to my_py_pkg.egg-info/dependency_links.txt
[1.164s] writing entry points to my_py_pkg.egg-info/entry_points.txt
[1.165s] writing requirements to my_py_pkg.egg-info/requires.txt
[1.165s] writing top-level names to my_py_pkg.egg-info/top_level.txt
[1.196s] reading manifest file 'my_py_pkg.egg-info/SOURCES.txt'
[1.197s] writing manifest file 'my_py_pkg.egg-info/SOURCES.txt'
[1.215s] running build_ext
[1.215s] Creating /home/asserhanafy/ros1_ws/install/my_py_pkg/lib/python3.12/site-packages/my-py-pkg.egg-link (link to .)
[1.216s] Installing pytest script to /home/asserhanafy/ros1_ws/install/my_py_pkg/lib/my_py_pkg
[1.216s] 
[1.216s] Installed /home/asserhanafy/ros1_ws/build/my_py_pkg
[1.216s] running symlink_data
[1.216s] symbolically linking /home/asserhanafy/ros1_ws/build/my_py_pkg/resource/my_py_pkg -> /home/asserhanafy/ros1_ws/install/my_py_pkg/share/ament_index/resource_index/packages
[1.216s] symbolically linking /home/asserhanafy/ros1_ws/build/my_py_pkg/package.xml -> /home/asserhanafy/ros1_ws/install/my_py_pkg/share/my_py_pkg
[1.236s] Invoked command in '/home/asserhanafy/ros1_ws/build/my_py_pkg' returned '0': DEBUGINFOD_URLS=https://debuginfod.ubuntu.com PYTHONPATH=/home/asserhanafy/ros1_ws/build/my_py_pkg/prefix_override:/usr/lib/python3/dist-packages/colcon_core/task/python/colcon_distutils_commands:/home/asserhanafy/ros1_ws/install/my_py_pkg/lib/python3.12/site-packages:${PYTHONPATH} /usr/bin/python3 -W ignore:setup.py install is deprecated setup.py develop --editable --build-directory /home/asserhanafy/ros1_ws/build/my_py_pkg/build --no-deps symlink_data --force
