[1.909s] Invoking command in '/home/asserhanafy/ros1_ws/build/my_py_pkg': DEBUGINFOD_URLS=https://debuginfod.ubuntu.com PYTHONPATH=/home/asserhanafy/ros1_ws/build/my_py_pkg/prefix_override:/usr/lib/python3/dist-packages/colcon_core/task/python/colcon_distutils_commands:/home/asserhanafy/ros1_ws/install/my_py_pkg/lib/python3.12/site-packages:${PYTHONPATH} /usr/bin/python3 -W ignore:setup.py install is deprecated setup.py develop --editable --build-directory /home/asserhanafy/ros1_ws/build/my_py_pkg/build --no-deps symlink_data
[2.673s] running develop
[2.682s] /usr/lib/python3/dist-packages/setuptools/command/develop.py:40: EasyInstallDeprecationWarning: easy_install command is deprecated.
[2.682s] !!
[2.683s] 
[2.683s]         ********************************************************************************
[2.683s]         Please avoid running ``setup.py`` and ``easy_install``.
[2.683s]         Instead, use pypa/build, pypa/installer or other
[2.683s]         standards-based tools.
[2.683s] 
[2.683s]         See https://github.com/pypa/setuptools/issues/917 for details.
[2.683s]         ********************************************************************************
[2.684s] 
[2.684s] !!
[2.684s]   easy_install.initialize_options(self)
[3.107s] running egg_info
[3.152s] writing my_py_pkg.egg-info/PKG-INFO
[3.153s] writing dependency_links to my_py_pkg.egg-info/dependency_links.txt
[3.153s] writing entry points to my_py_pkg.egg-info/entry_points.txt
[3.154s] writing requirements to my_py_pkg.egg-info/requires.txt
[3.154s] writing top-level names to my_py_pkg.egg-info/top_level.txt
[3.245s] reading manifest file 'my_py_pkg.egg-info/SOURCES.txt'
[3.246s] writing manifest file 'my_py_pkg.egg-info/SOURCES.txt'
[3.296s] running build_ext
[3.296s] Creating /home/asserhanafy/ros1_ws/install/my_py_pkg/lib/python3.12/site-packages/my-py-pkg.egg-link (link to .)
[3.297s] Installing draw_circle script to /home/asserhanafy/ros1_ws/install/my_py_pkg/lib/my_py_pkg
[3.297s] Installing pose_subscriber script to /home/asserhanafy/ros1_ws/install/my_py_pkg/lib/my_py_pkg
[3.297s] Installing pytest script to /home/asserhanafy/ros1_ws/install/my_py_pkg/lib/my_py_pkg
[3.298s] Installing turtle_controller script to /home/asserhanafy/ros1_ws/install/my_py_pkg/lib/my_py_pkg
[3.298s] 
[3.298s] Installed /home/asserhanafy/ros1_ws/build/my_py_pkg
[3.299s] running symlink_data
[3.434s] Invoked command in '/home/asserhanafy/ros1_ws/build/my_py_pkg' returned '0': DEBUGINFOD_URLS=https://debuginfod.ubuntu.com PYTHONPATH=/home/asserhanafy/ros1_ws/build/my_py_pkg/prefix_override:/usr/lib/python3/dist-packages/colcon_core/task/python/colcon_distutils_commands:/home/asserhanafy/ros1_ws/install/my_py_pkg/lib/python3.12/site-packages:${PYTHONPATH} /usr/bin/python3 -W ignore:setup.py install is deprecated setup.py develop --editable --build-directory /home/asserhanafy/ros1_ws/build/my_py_pkg/build --no-deps symlink_data
