[0.828s] Invoking command in '/home/asserhanafy/ros1_ws/build/my_py_pkg': DEBUGINFOD_URLS=https://debuginfod.ubuntu.com PYTHONPATH=/home/asserhanafy/ros1_ws/build/my_py_pkg/prefix_override:/usr/lib/python3/dist-packages/colcon_core/task/python/colcon_distutils_commands:/home/asserhanafy/ros1_ws/install/my_py_pkg/lib/python3.12/site-packages:${PYTHONPATH} /usr/bin/python3 -W ignore:setup.py install is deprecated setup.py develop --editable --build-directory /home/asserhanafy/ros1_ws/build/my_py_pkg/build --no-deps symlink_data
[1.152s] running develop
[1.152s] /usr/lib/python3/dist-packages/setuptools/command/develop.py:40: EasyInstallDeprecationWarning: easy_install command is deprecated.
[1.153s] !!
[1.153s] 
[1.153s]         ********************************************************************************
[1.153s]         Please avoid running ``setup.py`` and ``easy_install``.
[1.153s]         Instead, use pypa/build, pypa/installer or other
[1.153s]         standards-based tools.
[1.153s] 
[1.153s]         See https://github.com/pypa/setuptools/issues/917 for details.
[1.153s]         ********************************************************************************
[1.153s] 
[1.153s] !!
[1.153s]   easy_install.initialize_options(self)
[1.358s] running egg_info
[1.377s] writing my_py_pkg.egg-info/PKG-INFO
[1.378s] writing dependency_links to my_py_pkg.egg-info/dependency_links.txt
[1.378s] writing entry points to my_py_pkg.egg-info/entry_points.txt
[1.379s] writing requirements to my_py_pkg.egg-info/requires.txt
[1.379s] writing top-level names to my_py_pkg.egg-info/top_level.txt
[1.423s] reading manifest file 'my_py_pkg.egg-info/SOURCES.txt'
[1.424s] writing manifest file 'my_py_pkg.egg-info/SOURCES.txt'
[1.445s] running build_ext
[1.446s] Creating /home/asserhanafy/ros1_ws/install/my_py_pkg/lib/python3.12/site-packages/my-py-pkg.egg-link (link to .)
[1.446s] Installing draw_circle script to /home/asserhanafy/ros1_ws/install/my_py_pkg/lib/my_py_pkg
[1.446s] Installing pose_subscriber script to /home/asserhanafy/ros1_ws/install/my_py_pkg/lib/my_py_pkg
[1.447s] Installing pytest script to /home/asserhanafy/ros1_ws/install/my_py_pkg/lib/my_py_pkg
[1.447s] Installing turtle_controller script to /home/asserhanafy/ros1_ws/install/my_py_pkg/lib/my_py_pkg
[1.447s] Installing ultrasonic_publisher script to /home/asserhanafy/ros1_ws/install/my_py_pkg/lib/my_py_pkg
[1.447s] Installing ultrasonic_subscriber script to /home/asserhanafy/ros1_ws/install/my_py_pkg/lib/my_py_pkg
[1.447s] 
[1.447s] Installed /home/asserhanafy/ros1_ws/build/my_py_pkg
[1.447s] running symlink_data
[1.472s] Invoked command in '/home/asserhanafy/ros1_ws/build/my_py_pkg' returned '0': DEBUGINFOD_URLS=https://debuginfod.ubuntu.com PYTHONPATH=/home/asserhanafy/ros1_ws/build/my_py_pkg/prefix_override:/usr/lib/python3/dist-packages/colcon_core/task/python/colcon_distutils_commands:/home/asserhanafy/ros1_ws/install/my_py_pkg/lib/python3.12/site-packages:${PYTHONPATH} /usr/bin/python3 -W ignore:setup.py install is deprecated setup.py develop --editable --build-directory /home/asserhanafy/ros1_ws/build/my_py_pkg/build --no-deps symlink_data
