[0.995s] Invoking command in '/home/asserhanafy/ROS-Workshop/ros1_ws/build/my_py_pkg': DEBUGINFOD_URLS=https://debuginfod.ubuntu.com PYTHONPATH=/home/asserhanafy/ROS-Workshop/ros1_ws/build/my_py_pkg/prefix_override:/usr/lib/python3/dist-packages/colcon_core/task/python/colcon_distutils_commands:/home/asserhanafy/ROS-Workshop/ros1_ws/install/my_py_pkg/lib/python3.12/site-packages:${PYTHONPATH} /usr/bin/python3 -W ignore:setup.py install is deprecated setup.py develop --editable --build-directory /home/asserhanafy/ROS-Workshop/ros1_ws/build/my_py_pkg/build --no-deps symlink_data --force
[1.325s] running develop
[1.333s] /usr/lib/python3/dist-packages/setuptools/command/develop.py:40: EasyInstallDeprecationWarning: easy_install command is deprecated.
[1.333s] !!
[1.334s] 
[1.334s]         ********************************************************************************
[1.334s]         Please avoid running ``setup.py`` and ``easy_install``.
[1.334s]         Instead, use pypa/build, pypa/installer or other
[1.334s]         standards-based tools.
[1.334s] 
[1.334s]         See https://github.com/pypa/setuptools/issues/917 for details.
[1.334s]         ********************************************************************************
[1.334s] 
[1.334s] !!
[1.334s]   easy_install.initialize_options(self)
[1.555s] running egg_info
[1.576s] writing my_py_pkg.egg-info/PKG-INFO
[1.576s] writing dependency_links to my_py_pkg.egg-info/dependency_links.txt
[1.576s] writing entry points to my_py_pkg.egg-info/entry_points.txt
[1.577s] writing requirements to my_py_pkg.egg-info/requires.txt
[1.577s] writing top-level names to my_py_pkg.egg-info/top_level.txt
[1.620s] reading manifest file 'my_py_pkg.egg-info/SOURCES.txt'
[1.621s] writing manifest file 'my_py_pkg.egg-info/SOURCES.txt'
[1.644s] running build_ext
[1.644s] Creating /home/asserhanafy/ROS-Workshop/ros1_ws/install/my_py_pkg/lib/python3.12/site-packages/my-py-pkg.egg-link (link to .)
[1.644s] Installing draw_circle script to /home/asserhanafy/ROS-Workshop/ros1_ws/install/my_py_pkg/lib/my_py_pkg
[1.645s] Installing pose_subscriber script to /home/asserhanafy/ROS-Workshop/ros1_ws/install/my_py_pkg/lib/my_py_pkg
[1.645s] Installing test_node script to /home/asserhanafy/ROS-Workshop/ros1_ws/install/my_py_pkg/lib/my_py_pkg
[1.645s] Installing turtle_controller script to /home/asserhanafy/ROS-Workshop/ros1_ws/install/my_py_pkg/lib/my_py_pkg
[1.645s] Installing ultrasonic_publisher script to /home/asserhanafy/ROS-Workshop/ros1_ws/install/my_py_pkg/lib/my_py_pkg
[1.645s] Installing ultrasonic_subscriber script to /home/asserhanafy/ROS-Workshop/ros1_ws/install/my_py_pkg/lib/my_py_pkg
[1.646s] 
[1.646s] Installed /home/asserhanafy/ROS-Workshop/ros1_ws/build/my_py_pkg
[1.646s] running symlink_data
[1.646s] symbolically linking /home/asserhanafy/ROS-Workshop/ros1_ws/build/my_py_pkg/resource/my_py_pkg -> /home/asserhanafy/ROS-Workshop/ros1_ws/install/my_py_pkg/share/ament_index/resource_index/packages
[1.646s] symbolically linking /home/asserhanafy/ROS-Workshop/ros1_ws/build/my_py_pkg/package.xml -> /home/asserhanafy/ROS-Workshop/ros1_ws/install/my_py_pkg/share/my_py_pkg
[1.670s] Invoked command in '/home/asserhanafy/ROS-Workshop/ros1_ws/build/my_py_pkg' returned '0': DEBUGINFOD_URLS=https://debuginfod.ubuntu.com PYTHONPATH=/home/asserhanafy/ROS-Workshop/ros1_ws/build/my_py_pkg/prefix_override:/usr/lib/python3/dist-packages/colcon_core/task/python/colcon_distutils_commands:/home/asserhanafy/ROS-Workshop/ros1_ws/install/my_py_pkg/lib/python3.12/site-packages:${PYTHONPATH} /usr/bin/python3 -W ignore:setup.py install is deprecated setup.py develop --editable --build-directory /home/asserhanafy/ROS-Workshop/ros1_ws/build/my_py_pkg/build --no-deps symlink_data --force
