[0.811s] Invoking command in '/home/asserhanafy/linux-tasks/ros1_ws/src/my_py_pkg': DEBUGINFOD_URLS=https://debuginfod.ubuntu.com PYTHONPATH=/home/asserhanafy/linux-tasks/ros1_ws/build/my_py_pkg/prefix_override:/usr/lib/python3/dist-packages/colcon_core/task/python/colcon_distutils_commands:/home/asserhanafy/linux-tasks/ros1_ws/install/my_py_pkg/lib/python3.12/site-packages:${PYTHONPATH} /usr/bin/python3 -W ignore:setup.py install is deprecated setup.py egg_info --egg-base ../../build/my_py_pkg build --build-base /home/asserhanafy/linux-tasks/ros1_ws/build/my_py_pkg/build install --record /home/asserhanafy/linux-tasks/ros1_ws/build/my_py_pkg/install.log --single-version-externally-managed install_data
[1.091s] running egg_info
[1.113s] writing ../../build/my_py_pkg/my_py_pkg.egg-info/PKG-INFO
[1.114s] writing dependency_links to ../../build/my_py_pkg/my_py_pkg.egg-info/dependency_links.txt
[1.114s] writing entry points to ../../build/my_py_pkg/my_py_pkg.egg-info/entry_points.txt
[1.114s] writing requirements to ../../build/my_py_pkg/my_py_pkg.egg-info/requires.txt
[1.114s] writing top-level names to ../../build/my_py_pkg/my_py_pkg.egg-info/top_level.txt
[1.157s] reading manifest file '../../build/my_py_pkg/my_py_pkg.egg-info/SOURCES.txt'
[1.158s] writing manifest file '../../build/my_py_pkg/my_py_pkg.egg-info/SOURCES.txt'
[1.158s] running build
[1.158s] running build_py
[1.159s] running install
[1.165s] running install_lib
[1.186s] running install_data
[1.186s] running install_egg_info
[1.210s] removing '/home/asserhanafy/linux-tasks/ros1_ws/install/my_py_pkg/lib/python3.12/site-packages/my_py_pkg-0.0.0-py3.12.egg-info' (and everything under it)
[1.210s] Copying ../../build/my_py_pkg/my_py_pkg.egg-info to /home/asserhanafy/linux-tasks/ros1_ws/install/my_py_pkg/lib/python3.12/site-packages/my_py_pkg-0.0.0-py3.12.egg-info
[1.211s] running install_scripts
[1.347s] Installing RPS script to /home/asserhanafy/linux-tasks/ros1_ws/install/my_py_pkg/lib/my_py_pkg
[1.347s] Installing draw_circle script to /home/asserhanafy/linux-tasks/ros1_ws/install/my_py_pkg/lib/my_py_pkg
[1.347s] Installing pose_subscriber script to /home/asserhanafy/linux-tasks/ros1_ws/install/my_py_pkg/lib/my_py_pkg
[1.348s] Installing test_node script to /home/asserhanafy/linux-tasks/ros1_ws/install/my_py_pkg/lib/my_py_pkg
[1.348s] Installing turtle_controller script to /home/asserhanafy/linux-tasks/ros1_ws/install/my_py_pkg/lib/my_py_pkg
[1.348s] Installing ultrasonic_publisher script to /home/asserhanafy/linux-tasks/ros1_ws/install/my_py_pkg/lib/my_py_pkg
[1.348s] Installing ultrasonic_subscriber script to /home/asserhanafy/linux-tasks/ros1_ws/install/my_py_pkg/lib/my_py_pkg
[1.349s] writing list of installed files to '/home/asserhanafy/linux-tasks/ros1_ws/build/my_py_pkg/install.log'
[1.370s] Invoked command in '/home/asserhanafy/linux-tasks/ros1_ws/src/my_py_pkg' returned '0': DEBUGINFOD_URLS=https://debuginfod.ubuntu.com PYTHONPATH=/home/asserhanafy/linux-tasks/ros1_ws/build/my_py_pkg/prefix_override:/usr/lib/python3/dist-packages/colcon_core/task/python/colcon_distutils_commands:/home/asserhanafy/linux-tasks/ros1_ws/install/my_py_pkg/lib/python3.12/site-packages:${PYTHONPATH} /usr/bin/python3 -W ignore:setup.py install is deprecated setup.py egg_info --egg-base ../../build/my_py_pkg build --build-base /home/asserhanafy/linux-tasks/ros1_ws/build/my_py_pkg/build install --record /home/asserhanafy/linux-tasks/ros1_ws/build/my_py_pkg/install.log --single-version-externally-managed install_data
