[3.080s] Invoking command in '/home/asserhanafy/ros1_ws/src/my_py_pkg': DEBUGINFOD_URLS=https://debuginfod.ubuntu.com PYTHONPATH=/home/asserhanafy/ros1_ws/build/my_py_pkg/prefix_override:/usr/lib/python3/dist-packages/colcon_core/task/python/colcon_distutils_commands:/home/asserhanafy/ros1_ws/install/my_py_pkg/lib/python3.12/site-packages:${PYTHONPATH} /usr/bin/python3 -W ignore:setup.py install is deprecated setup.py egg_info --egg-base ../../build/my_py_pkg build --build-base /home/asserhanafy/ros1_ws/build/my_py_pkg/build install --record /home/asserhanafy/ros1_ws/build/my_py_pkg/install.log --single-version-externally-managed install_data
[4.147s] running egg_info
[4.227s] writing ../../build/my_py_pkg/my_py_pkg.egg-info/PKG-INFO
[4.228s] writing dependency_links to ../../build/my_py_pkg/my_py_pkg.egg-info/dependency_links.txt
[4.229s] writing entry points to ../../build/my_py_pkg/my_py_pkg.egg-info/entry_points.txt
[4.230s] writing requirements to ../../build/my_py_pkg/my_py_pkg.egg-info/requires.txt
[4.230s] writing top-level names to ../../build/my_py_pkg/my_py_pkg.egg-info/top_level.txt
[4.395s] reading manifest file '../../build/my_py_pkg/my_py_pkg.egg-info/SOURCES.txt'
[4.397s] writing manifest file '../../build/my_py_pkg/my_py_pkg.egg-info/SOURCES.txt'
[4.398s] running build
[4.398s] running build_py
[4.399s] copying my_py_pkg/pytest.py -> /home/asserhanafy/ros1_ws/build/my_py_pkg/build/lib/my_py_pkg
[4.399s] running install
[4.424s] running install_lib
[4.506s] copying /home/asserhanafy/ros1_ws/build/my_py_pkg/build/lib/my_py_pkg/pytest.py -> /home/asserhanafy/ros1_ws/install/my_py_pkg/lib/python3.12/site-packages/my_py_pkg
[4.508s] byte-compiling /home/asserhanafy/ros1_ws/install/my_py_pkg/lib/python3.12/site-packages/my_py_pkg/pytest.py to pytest.cpython-312.pyc
[4.510s] running install_data
[4.510s] running install_egg_info
[4.597s] removing '/home/asserhanafy/ros1_ws/install/my_py_pkg/lib/python3.12/site-packages/my_py_pkg-0.0.0-py3.12.egg-info' (and everything under it)
[4.598s] Copying ../../build/my_py_pkg/my_py_pkg.egg-info to /home/asserhanafy/ros1_ws/install/my_py_pkg/lib/python3.12/site-packages/my_py_pkg-0.0.0-py3.12.egg-info
[4.601s] running install_scripts
[5.127s] Installing pytest script to /home/asserhanafy/ros1_ws/install/my_py_pkg/lib/my_py_pkg
[5.128s] writing list of installed files to '/home/asserhanafy/ros1_ws/build/my_py_pkg/install.log'
[5.203s] Invoked command in '/home/asserhanafy/ros1_ws/src/my_py_pkg' returned '0': DEBUGINFOD_URLS=https://debuginfod.ubuntu.com PYTHONPATH=/home/asserhanafy/ros1_ws/build/my_py_pkg/prefix_override:/usr/lib/python3/dist-packages/colcon_core/task/python/colcon_distutils_commands:/home/asserhanafy/ros1_ws/install/my_py_pkg/lib/python3.12/site-packages:${PYTHONPATH} /usr/bin/python3 -W ignore:setup.py install is deprecated setup.py egg_info --egg-base ../../build/my_py_pkg build --build-base /home/asserhanafy/ros1_ws/build/my_py_pkg/build install --record /home/asserhanafy/ros1_ws/build/my_py_pkg/install.log --single-version-externally-managed install_data
