running develop
running egg_info
writing my_py_pkg.egg-info/PKG-INFO
writing dependency_links to my_py_pkg.egg-info/dependency_links.txt
writing entry points to my_py_pkg.egg-info/entry_points.txt
writing requirements to my_py_pkg.egg-info/requires.txt
writing top-level names to my_py_pkg.egg-info/top_level.txt
reading manifest file 'my_py_pkg.egg-info/SOURCES.txt'
writing manifest file 'my_py_pkg.egg-info/SOURCES.txt'
running build_ext
Creating /home/asserhanafy/linux-tasks/ros1_ws/install/my_py_pkg/lib/python3.12/site-packages/my-py-pkg.egg-link (link to .)
Installing RPS script to /home/asserhanafy/linux-tasks/ros1_ws/install/my_py_pkg/lib/my_py_pkg
Installing draw_circle script to /home/asserhanafy/linux-tasks/ros1_ws/install/my_py_pkg/lib/my_py_pkg
Installing pose_subscriber script to /home/asserhanafy/linux-tasks/ros1_ws/install/my_py_pkg/lib/my_py_pkg
Installing test_node script to /home/asserhanafy/linux-tasks/ros1_ws/install/my_py_pkg/lib/my_py_pkg
Installing turtle_catch script to /home/asserhanafy/linux-tasks/ros1_ws/install/my_py_pkg/lib/my_py_pkg
Installing turtle_controller script to /home/asserhanafy/linux-tasks/ros1_ws/install/my_py_pkg/lib/my_py_pkg
Installing ultrasonic_publisher script to /home/asserhanafy/linux-tasks/ros1_ws/install/my_py_pkg/lib/my_py_pkg
Installing ultrasonic_subscriber script to /home/asserhanafy/linux-tasks/ros1_ws/install/my_py_pkg/lib/my_py_pkg

Installed /home/asserhanafy/linux-tasks/ros1_ws/build/my_py_pkg
running symlink_data
symbolically linking /home/asserhanafy/linux-tasks/ros1_ws/build/my_py_pkg/resource/my_py_pkg -> /home/asserhanafy/linux-tasks/ros1_ws/install/my_py_pkg/share/ament_index/resource_index/packages
symbolically linking /home/asserhanafy/linux-tasks/ros1_ws/build/my_py_pkg/package.xml -> /home/asserhanafy/linux-tasks/ros1_ws/install/my_py_pkg/share/my_py_pkg
