[0.633s] Invoking command in '/home/asserhanafy/linux-tasks/ros1_ws/build/my_py_pkg': DEBUGINFOD_URLS=https://debuginfod.ubuntu.com PYTHONPATH=/home/asserhanafy/linux-tasks/ros1_ws/build/my_py_pkg/prefix_override:/usr/lib/python3/dist-packages/colcon_core/task/python/colcon_distutils_commands:/home/asserhanafy/linux-tasks/ros1_ws/install/my_py_pkg/lib/python3.12/site-packages:${PYTHONPATH} /usr/bin/python3 -W ignore:setup.py install is deprecated setup.py develop --editable --build-directory /home/asserhanafy/linux-tasks/ros1_ws/build/my_py_pkg/build --no-deps symlink_data --force
[0.884s] running develop
[0.885s] /usr/lib/python3/dist-packages/setuptools/command/develop.py:40: EasyInstallDeprecationWarning: easy_install command is deprecated.
[0.885s] !!
[0.885s] 
[0.885s]         ********************************************************************************
[0.885s]         Please avoid running ``setup.py`` and ``easy_install``.
[0.885s]         Instead, use pypa/build, pypa/installer or other
[0.885s]         standards-based tools.
[0.885s] 
[0.885s]         See https://github.com/pypa/setuptools/issues/917 for details.
[0.885s]         ********************************************************************************
[0.885s] 
[0.885s] !!
[0.885s]   easy_install.initialize_options(self)
[1.047s] running egg_info
[1.063s] writing my_py_pkg.egg-info/PKG-INFO
[1.063s] writing dependency_links to my_py_pkg.egg-info/dependency_links.txt
[1.063s] writing entry points to my_py_pkg.egg-info/entry_points.txt
[1.063s] writing requirements to my_py_pkg.egg-info/requires.txt
[1.063s] writing top-level names to my_py_pkg.egg-info/top_level.txt
[1.095s] reading manifest file 'my_py_pkg.egg-info/SOURCES.txt'
[1.096s] writing manifest file 'my_py_pkg.egg-info/SOURCES.txt'
[1.113s] running build_ext
[1.114s] Creating /home/asserhanafy/linux-tasks/ros1_ws/install/my_py_pkg/lib/python3.12/site-packages/my-py-pkg.egg-link (link to .)
[1.114s] Installing RPS script to /home/asserhanafy/linux-tasks/ros1_ws/install/my_py_pkg/lib/my_py_pkg
[1.114s] Installing draw_circle script to /home/asserhanafy/linux-tasks/ros1_ws/install/my_py_pkg/lib/my_py_pkg
[1.114s] Installing pose_subscriber script to /home/asserhanafy/linux-tasks/ros1_ws/install/my_py_pkg/lib/my_py_pkg
[1.115s] Installing test_node script to /home/asserhanafy/linux-tasks/ros1_ws/install/my_py_pkg/lib/my_py_pkg
[1.115s] Installing turtle_catch script to /home/asserhanafy/linux-tasks/ros1_ws/install/my_py_pkg/lib/my_py_pkg
[1.115s] Installing turtle_controller script to /home/asserhanafy/linux-tasks/ros1_ws/install/my_py_pkg/lib/my_py_pkg
[1.115s] Installing ultrasonic_publisher script to /home/asserhanafy/linux-tasks/ros1_ws/install/my_py_pkg/lib/my_py_pkg
[1.115s] Installing ultrasonic_subscriber script to /home/asserhanafy/linux-tasks/ros1_ws/install/my_py_pkg/lib/my_py_pkg
[1.115s] 
[1.115s] Installed /home/asserhanafy/linux-tasks/ros1_ws/build/my_py_pkg
[1.115s] running symlink_data
[1.115s] symbolically linking /home/asserhanafy/linux-tasks/ros1_ws/build/my_py_pkg/resource/my_py_pkg -> /home/asserhanafy/linux-tasks/ros1_ws/install/my_py_pkg/share/ament_index/resource_index/packages
[1.115s] symbolically linking /home/asserhanafy/linux-tasks/ros1_ws/build/my_py_pkg/package.xml -> /home/asserhanafy/linux-tasks/ros1_ws/install/my_py_pkg/share/my_py_pkg
[1.136s] Invoked command in '/home/asserhanafy/linux-tasks/ros1_ws/build/my_py_pkg' returned '0': DEBUGINFOD_URLS=https://debuginfod.ubuntu.com PYTHONPATH=/home/asserhanafy/linux-tasks/ros1_ws/build/my_py_pkg/prefix_override:/usr/lib/python3/dist-packages/colcon_core/task/python/colcon_distutils_commands:/home/asserhanafy/linux-tasks/ros1_ws/install/my_py_pkg/lib/python3.12/site-packages:${PYTHONPATH} /usr/bin/python3 -W ignore:setup.py install is deprecated setup.py develop --editable --build-directory /home/asserhanafy/linux-tasks/ros1_ws/build/my_py_pkg/build --no-deps symlink_data --force
