running develop
/usr/lib/python3/dist-packages/setuptools/command/develop.py:40: EasyInstallDeprecationWarning: easy_install command is deprecated.
!!

        ********************************************************************************
        Please avoid running ``setup.py`` and ``easy_install``.
        Instead, use pypa/build, pypa/installer or other
        standards-based tools.

        See https://github.com/pypa/setuptools/issues/917 for details.
        ********************************************************************************

!!
  easy_install.initialize_options(self)
Removing /home/asserhanafy/ros1_ws/install/my_py_pkg/lib/python3.12/site-packages/my-py-pkg.egg-link (link to .)
running egg_info
writing ../../build/my_py_pkg/my_py_pkg.egg-info/PKG-INFO
writing dependency_links to ../../build/my_py_pkg/my_py_pkg.egg-info/dependency_links.txt
writing entry points to ../../build/my_py_pkg/my_py_pkg.egg-info/entry_points.txt
writing requirements to ../../build/my_py_pkg/my_py_pkg.egg-info/requires.txt
writing top-level names to ../../build/my_py_pkg/my_py_pkg.egg-info/top_level.txt
reading manifest file '../../build/my_py_pkg/my_py_pkg.egg-info/SOURCES.txt'
writing manifest file '../../build/my_py_pkg/my_py_pkg.egg-info/SOURCES.txt'
running build
running build_py
copying my_py_pkg/my_first_node.py -> /home/asserhanafy/ros1_ws/build/my_py_pkg/build/lib/my_py_pkg
copying my_py_pkg/pose_subscriber.py -> /home/asserhanafy/ros1_ws/build/my_py_pkg/build/lib/my_py_pkg
copying my_py_pkg/draw_circle.py -> /home/asserhanafy/ros1_ws/build/my_py_pkg/build/lib/my_py_pkg
copying my_py_pkg/turtle_controller.py -> /home/asserhanafy/ros1_ws/build/my_py_pkg/build/lib/my_py_pkg
copying my_py_pkg/ultrasonic_subscriber.py -> /home/asserhanafy/ros1_ws/build/my_py_pkg/build/lib/my_py_pkg
copying my_py_pkg/ultrasonic_publisher.py -> /home/asserhanafy/ros1_ws/build/my_py_pkg/build/lib/my_py_pkg
running install
running install_lib
creating /home/asserhanafy/ros1_ws/install/my_py_pkg/lib/python3.12/site-packages/my_py_pkg
copying /home/asserhanafy/ros1_ws/build/my_py_pkg/build/lib/my_py_pkg/pytest.py -> /home/asserhanafy/ros1_ws/install/my_py_pkg/lib/python3.12/site-packages/my_py_pkg
copying /home/asserhanafy/ros1_ws/build/my_py_pkg/build/lib/my_py_pkg/my_first_node.py -> /home/asserhanafy/ros1_ws/install/my_py_pkg/lib/python3.12/site-packages/my_py_pkg
copying /home/asserhanafy/ros1_ws/build/my_py_pkg/build/lib/my_py_pkg/__init__.py -> /home/asserhanafy/ros1_ws/install/my_py_pkg/lib/python3.12/site-packages/my_py_pkg
copying /home/asserhanafy/ros1_ws/build/my_py_pkg/build/lib/my_py_pkg/pose_subscriber.py -> /home/asserhanafy/ros1_ws/install/my_py_pkg/lib/python3.12/site-packages/my_py_pkg
copying /home/asserhanafy/ros1_ws/build/my_py_pkg/build/lib/my_py_pkg/draw_circle.py -> /home/asserhanafy/ros1_ws/install/my_py_pkg/lib/python3.12/site-packages/my_py_pkg
copying /home/asserhanafy/ros1_ws/build/my_py_pkg/build/lib/my_py_pkg/turtle_controller.py -> /home/asserhanafy/ros1_ws/install/my_py_pkg/lib/python3.12/site-packages/my_py_pkg
copying /home/asserhanafy/ros1_ws/build/my_py_pkg/build/lib/my_py_pkg/ultrasonic_subscriber.py -> /home/asserhanafy/ros1_ws/install/my_py_pkg/lib/python3.12/site-packages/my_py_pkg
copying /home/asserhanafy/ros1_ws/build/my_py_pkg/build/lib/my_py_pkg/ultrasonic_publisher.py -> /home/asserhanafy/ros1_ws/install/my_py_pkg/lib/python3.12/site-packages/my_py_pkg
byte-compiling /home/asserhanafy/ros1_ws/install/my_py_pkg/lib/python3.12/site-packages/my_py_pkg/pytest.py to pytest.cpython-312.pyc
byte-compiling /home/asserhanafy/ros1_ws/install/my_py_pkg/lib/python3.12/site-packages/my_py_pkg/my_first_node.py to my_first_node.cpython-312.pyc
byte-compiling /home/asserhanafy/ros1_ws/install/my_py_pkg/lib/python3.12/site-packages/my_py_pkg/__init__.py to __init__.cpython-312.pyc
byte-compiling /home/asserhanafy/ros1_ws/install/my_py_pkg/lib/python3.12/site-packages/my_py_pkg/pose_subscriber.py to pose_subscriber.cpython-312.pyc
byte-compiling /home/asserhanafy/ros1_ws/install/my_py_pkg/lib/python3.12/site-packages/my_py_pkg/draw_circle.py to draw_circle.cpython-312.pyc
byte-compiling /home/asserhanafy/ros1_ws/install/my_py_pkg/lib/python3.12/site-packages/my_py_pkg/turtle_controller.py to turtle_controller.cpython-312.pyc
byte-compiling /home/asserhanafy/ros1_ws/install/my_py_pkg/lib/python3.12/site-packages/my_py_pkg/ultrasonic_subscriber.py to ultrasonic_subscriber.cpython-312.pyc
byte-compiling /home/asserhanafy/ros1_ws/install/my_py_pkg/lib/python3.12/site-packages/my_py_pkg/ultrasonic_publisher.py to ultrasonic_publisher.cpython-312.pyc
running install_data
copying resource/my_py_pkg -> /home/asserhanafy/ros1_ws/install/my_py_pkg/share/ament_index/resource_index/packages
copying package.xml -> /home/asserhanafy/ros1_ws/install/my_py_pkg/share/my_py_pkg
running install_egg_info
Copying ../../build/my_py_pkg/my_py_pkg.egg-info to /home/asserhanafy/ros1_ws/install/my_py_pkg/lib/python3.12/site-packages/my_py_pkg-0.0.0-py3.12.egg-info
running install_scripts
Installing draw_circle script to /home/asserhanafy/ros1_ws/install/my_py_pkg/lib/my_py_pkg
Installing pose_subscriber script to /home/asserhanafy/ros1_ws/install/my_py_pkg/lib/my_py_pkg
Installing test_node script to /home/asserhanafy/ros1_ws/install/my_py_pkg/lib/my_py_pkg
Installing turtle_controller script to /home/asserhanafy/ros1_ws/install/my_py_pkg/lib/my_py_pkg
Installing ultrasonic_publisher script to /home/asserhanafy/ros1_ws/install/my_py_pkg/lib/my_py_pkg
Installing ultrasonic_subscriber script to /home/asserhanafy/ros1_ws/install/my_py_pkg/lib/my_py_pkg
writing list of installed files to '/home/asserhanafy/ros1_ws/build/my_py_pkg/install.log'
