[3.219s] Invoking command in '/home/asserhanafy/ros1_ws/src/my_py_pkg': DEBUGINFOD_URLS=https://debuginfod.ubuntu.com PYTHONPATH=/home/asserhanafy/ros1_ws/build/my_py_pkg/prefix_override:/usr/lib/python3/dist-packages/colcon_core/task/python/colcon_distutils_commands:/home/asserhanafy/ros1_ws/install/my_py_pkg/lib/python3.12/site-packages:${PYTHONPATH} /usr/bin/python3 -W ignore:setup.py install is deprecated setup.py egg_info --egg-base ../../build/my_py_pkg build --build-base /home/asserhanafy/ros1_ws/build/my_py_pkg/build install --record /home/asserhanafy/ros1_ws/build/my_py_pkg/install.log --single-version-externally-managed install_data
[4.274s] running egg_info
[4.275s] creating ../../build/my_py_pkg/my_py_pkg.egg-info
[4.355s] writing ../../build/my_py_pkg/my_py_pkg.egg-info/PKG-INFO
[4.356s] writing dependency_links to ../../build/my_py_pkg/my_py_pkg.egg-info/dependency_links.txt
[4.356s] writing requirements to ../../build/my_py_pkg/my_py_pkg.egg-info/requires.txt
[4.357s] writing top-level names to ../../build/my_py_pkg/my_py_pkg.egg-info/top_level.txt
[4.357s] writing manifest file '../../build/my_py_pkg/my_py_pkg.egg-info/SOURCES.txt'
[4.527s] reading manifest file '../../build/my_py_pkg/my_py_pkg.egg-info/SOURCES.txt'
[4.528s] writing manifest file '../../build/my_py_pkg/my_py_pkg.egg-info/SOURCES.txt'
[4.529s] running build
[4.529s] running build_py
[4.529s] creating /home/asserhanafy/ros1_ws/build/my_py_pkg/build
[4.530s] creating /home/asserhanafy/ros1_ws/build/my_py_pkg/build/lib
[4.530s] creating /home/asserhanafy/ros1_ws/build/my_py_pkg/build/lib/my_py_pkg
[4.531s] copying my_py_pkg/__init__.py -> /home/asserhanafy/ros1_ws/build/my_py_pkg/build/lib/my_py_pkg
[4.531s] running install
[4.555s] running install_lib
[4.636s] creating /home/asserhanafy/ros1_ws/install/my_py_pkg/lib/python3.12/site-packages/my_py_pkg
[4.637s] copying /home/asserhanafy/ros1_ws/build/my_py_pkg/build/lib/my_py_pkg/__init__.py -> /home/asserhanafy/ros1_ws/install/my_py_pkg/lib/python3.12/site-packages/my_py_pkg
[4.638s] byte-compiling /home/asserhanafy/ros1_ws/install/my_py_pkg/lib/python3.12/site-packages/my_py_pkg/__init__.py to __init__.cpython-312.pyc
[4.639s] running install_data
[4.640s] creating /home/asserhanafy/ros1_ws/install/my_py_pkg/share/ament_index
[4.641s] creating /home/asserhanafy/ros1_ws/install/my_py_pkg/share/ament_index/resource_index
[4.641s] creating /home/asserhanafy/ros1_ws/install/my_py_pkg/share/ament_index/resource_index/packages
[4.641s] copying resource/my_py_pkg -> /home/asserhanafy/ros1_ws/install/my_py_pkg/share/ament_index/resource_index/packages
[4.642s] copying package.xml -> /home/asserhanafy/ros1_ws/install/my_py_pkg/share/my_py_pkg
[4.642s] running install_egg_info
[4.725s] Copying ../../build/my_py_pkg/my_py_pkg.egg-info to /home/asserhanafy/ros1_ws/install/my_py_pkg/lib/python3.12/site-packages/my_py_pkg-0.0.0-py3.12.egg-info
[4.728s] running install_scripts
[5.242s] writing list of installed files to '/home/asserhanafy/ros1_ws/build/my_py_pkg/install.log'
[5.316s] Invoked command in '/home/asserhanafy/ros1_ws/src/my_py_pkg' returned '0': DEBUGINFOD_URLS=https://debuginfod.ubuntu.com PYTHONPATH=/home/asserhanafy/ros1_ws/build/my_py_pkg/prefix_override:/usr/lib/python3/dist-packages/colcon_core/task/python/colcon_distutils_commands:/home/asserhanafy/ros1_ws/install/my_py_pkg/lib/python3.12/site-packages:${PYTHONPATH} /usr/bin/python3 -W ignore:setup.py install is deprecated setup.py egg_info --egg-base ../../build/my_py_pkg build --build-base /home/asserhanafy/ros1_ws/build/my_py_pkg/build install --record /home/asserhanafy/ros1_ws/build/my_py_pkg/install.log --single-version-externally-managed install_data
